0 info it worked if it ends with ok
1 verbose cli [ 'C:\\Program Files\\nodejs\\node.exe',
1 verbose cli   'C:\\Program Files\\nodejs\\node_modules\\npm\\bin\\npm-cli.js',
1 verbose cli   'run',
1 verbose cli   'serve' ]
2 info using npm@3.10.10
3 info using node@v6.11.4
4 verbose run-script [ 'preserve', 'serve', 'postserve' ]
5 info lifecycle webpack-test@1.0.0~preserve: webpack-test@1.0.0
6 silly lifecycle webpack-test@1.0.0~preserve: no script for preserve, continuing
7 info lifecycle webpack-test@1.0.0~serve: webpack-test@1.0.0
8 verbose lifecycle webpack-test@1.0.0~serve: unsafe-perm in lifecycle true
9 verbose lifecycle webpack-test@1.0.0~serve: PATH: C:\Program Files\nodejs\node_modules\npm\bin\node-gyp-bin;C:\Users\incode\Desktop\vacations-cafe-onboarding-webapp\node_modules\.bin;C:\Program Files\Oculus\Support\oculus-runtime;C:\Windows\system32;C:\Windows;C:\Windows\System32\Wbem;C:\Windows\System32\WindowsPowerShell\v1.0\;C:\Program Files (x86)\NVIDIA Corporation\PhysX\Common;C:\Program Files (x86)\GtkSharp\2.12\bin;C:\Program Files\nodejs\;C:\Program Files\Git\cmd;C:\Users\incode\AppData\Local\Microsoft\WindowsApps;C:\Users\incode\AppData\Roaming\npm;C:\Program Files\Microsoft VS Code\bin
10 verbose lifecycle webpack-test@1.0.0~serve: CWD: C:\Users\incode\Desktop\vacations-cafe-onboarding-webapp
11 silly lifecycle webpack-test@1.0.0~serve: Args: [ '/d /s /c', 'webpack-dev-server' ]
12 silly lifecycle webpack-test@1.0.0~serve: Returned: code: 1  signal: null
13 info lifecycle webpack-test@1.0.0~serve: Failed to exec serve script
14 verbose stack Error: webpack-test@1.0.0 serve: `webpack-dev-server`
14 verbose stack Exit status 1
14 verbose stack     at EventEmitter.<anonymous> (C:\Program Files\nodejs\node_modules\npm\lib\utils\lifecycle.js:255:16)
14 verbose stack     at emitTwo (events.js:106:13)
14 verbose stack     at EventEmitter.emit (events.js:191:7)
14 verbose stack     at ChildProcess.<anonymous> (C:\Program Files\nodejs\node_modules\npm\lib\utils\spawn.js:40:14)
14 verbose stack     at emitTwo (events.js:106:13)
14 verbose stack     at ChildProcess.emit (events.js:191:7)
14 verbose stack     at maybeClose (internal/child_process.js:920:16)
14 verbose stack     at Process.ChildProcess._handle.onexit (internal/child_process.js:230:5)
15 verbose pkgid webpack-test@1.0.0
16 verbose cwd C:\Users\incode\Desktop\vacations-cafe-onboarding-webapp
17 error Windows_NT 10.0.14393
18 error argv "C:\\Program Files\\nodejs\\node.exe" "C:\\Program Files\\nodejs\\node_modules\\npm\\bin\\npm-cli.js" "run" "serve"
19 error node v6.11.4
20 error npm  v3.10.10
21 error code ELIFECYCLE
22 error webpack-test@1.0.0 serve: `webpack-dev-server`
22 error Exit status 1
23 error Failed at the webpack-test@1.0.0 serve script 'webpack-dev-server'.
23 error Make sure you have the latest version of node.js and npm installed.
23 error If you do, this is most likely a problem with the webpack-test package,
23 error not with npm itself.
23 error Tell the author that this fails on your system:
23 error     webpack-dev-server
23 error You can get information on how to open an issue for this project with:
23 error     npm bugs webpack-test
23 error Or if that isn't available, you can get their info via:
23 error     npm owner ls webpack-test
23 error There is likely additional logging output above.
24 verbose exit [ 1, true ]
